<?xml version="1.0" encoding="UTF-8" ?>
<testsuite tests="6" failures="2" name="TestSuite" time="25.038" errors="0" skipped="0">
  <properties>
[...]
</properties>
  <testcase classname="mytests.Test1" name="user_should_navigate_to_mercurytours" time="2.973"/>
  <testcase classname="mytests.Test2" name="user_should_navigate_to_google_page" time="15.103"/>
  <testcase classname="mytests.Test2" name="user_should_logintotours" time="6.372"/>
  <testcase classname="mytests.Test2" name="user_click_on_newstab" time="0.293"/>
  <testcase classname="mytests.Test2" name="flight_booking" time="0.123">
    <failure message="Unable to locate element: *[name=&apos;tripType&apos;]
For documentation on this error, please visit: http://seleniumhq.org/exceptions/no_such_element.html
Build info: version: &apos;3.4.0&apos;, revision: &apos;unknown&apos;, time: &apos;unknown&apos;
System info: host: &apos;phptravel-lk26p&apos;, ip: &apos;10.44.1.7&apos;, os.name: &apos;Linux&apos;, os.arch: &apos;amd64&apos;, os.version: &apos;4.4.111+&apos;, java.version: &apos;1.8.0_171&apos;
Driver info: org.openqa.selenium.remote.RemoteWebDriver
Capabilities [{moz:profile=/tmp/rust_mozprofile.kNQZc2PRssh0, rotatable=false, zal:idleTimeout=150.0, moz:geckodriverVersion=0.23.0, timeouts={implicit=0.0, pageLoad=300000.0, script=30000.0}, pageLoadStrategy=normal, unhandledPromptBehavior=dismiss and notify, moz:headless=false, platform=ANY, moz:accessibilityChecks=false, moz:useNonSpecCompliantPointerOrigin=false, webdriver.remote.sessionid=49a6b87b-2f77-4741-8d88-dbbfbeb11039, acceptInsecureCerts=false, browserVersion=63.0, platformVersion=4.4.111+, moz:processID=1939.0, browserName=firefox, javascriptEnabled=true, platformName=linux, zal:name=SparkMercury, setWindowRect=true, moz:webdriverClick=true}]
Session ID: 49a6b87b-2f77-4741-8d88-dbbfbeb11039
*** Element info: {Using=name, value=tripType}" type="org.openqa.selenium.NoSuchElementException">org.openqa.selenium.NoSuchElementException: Unable to locate element: *[name=&apos;tripType&apos;]
For documentation on this error, please visit: http://seleniumhq.org/exceptions/no_such_element.html
Build info: version: &apos;3.4.0&apos;, revision: &apos;unknown&apos;, time: &apos;unknown&apos;
System info: host: &apos;phptravel-lk26p&apos;, ip: &apos;10.44.1.7&apos;, os.name: &apos;Linux&apos;, os.arch: &apos;amd64&apos;, os.version: &apos;4.4.111+&apos;, java.version: &apos;1.8.0_171&apos;
Driver info: org.openqa.selenium.remote.RemoteWebDriver
Capabilities [{moz:profile=/tmp/rust_mozprofile.kNQZc2PRssh0, rotatable=false, zal:idleTimeout=150.0, moz:geckodriverVersion=0.23.0, timeouts={implicit=0.0, pageLoad=300000.0, script=30000.0}, pageLoadStrategy=normal, unhandledPromptBehavior=dismiss and notify, moz:headless=false, platform=ANY, moz:accessibilityChecks=false, moz:useNonSpecCompliantPointerOrigin=false, webdriver.remote.sessionid=49a6b87b-2f77-4741-8d88-dbbfbeb11039, acceptInsecureCerts=false, browserVersion=63.0, platformVersion=4.4.111+, moz:processID=1939.0, browserName=firefox, javascriptEnabled=true, platformName=linux, zal:name=SparkMercury, setWindowRect=true, moz:webdriverClick=true}]
Session ID: 49a6b87b-2f77-4741-8d88-dbbfbeb11039
*** Element info: {Using=name, value=tripType}
	at sun.reflect.NativeConstructorAccessorImpl.newInstance0(Native Method)
	at sun.reflect.NativeConstructorAccessorImpl.newInstance(NativeConstructorAccessorImpl.java:62)
	at sun.reflect.DelegatingConstructorAccessorImpl.newInstance(DelegatingConstructorAccessorImpl.java:45)
	at java.lang.reflect.Constructor.newInstance(Constructor.java:423)
	at org.openqa.selenium.remote.http.W3CHttpResponseCodec.createException(W3CHttpResponseCodec.java:150)
	at org.openqa.selenium.remote.http.W3CHttpResponseCodec.decode(W3CHttpResponseCodec.java:115)
	at org.openqa.selenium.remote.http.W3CHttpResponseCodec.decode(W3CHttpResponseCodec.java:45)
	at org.openqa.selenium.remote.HttpCommandExecutor.execute(HttpCommandExecutor.java:164)
	at org.openqa.selenium.remote.RemoteWebDriver.execute(RemoteWebDriver.java:637)
	at org.openqa.selenium.remote.RemoteWebDriver.findElement(RemoteWebDriver.java:410)
	at org.openqa.selenium.remote.RemoteWebDriver.findElementByName(RemoteWebDriver.java:485)
	at org.openqa.selenium.By$ByName.findElement(By.java:303)
	at org.openqa.selenium.remote.RemoteWebDriver.findElement(RemoteWebDriver.java:402)
	at mytests.Test2.flight_booking(Test2.java:73)
</failure>
  </testcase>
  <testcase classname="mytests.Test2" name="flight_bookingconfirm" time="0.174">
    <failure message="Unable to locate element: *[name=&apos;passFirst0&apos;]
For documentation on this error, please visit: http://seleniumhq.org/exceptions/no_such_element.html
Build info: version: &apos;3.4.0&apos;, revision: &apos;unknown&apos;, time: &apos;unknown&apos;
System info: host: &apos;phptravel-lk26p&apos;, ip: &apos;10.44.1.7&apos;, os.name: &apos;Linux&apos;, os.arch: &apos;amd64&apos;, os.version: &apos;4.4.111+&apos;, java.version: &apos;1.8.0_171&apos;
Driver info: org.openqa.selenium.remote.RemoteWebDriver
Capabilities [{moz:profile=/tmp/rust_mozprofile.kNQZc2PRssh0, rotatable=false, zal:idleTimeout=150.0, moz:geckodriverVersion=0.23.0, timeouts={implicit=0.0, pageLoad=300000.0, script=30000.0}, pageLoadStrategy=normal, unhandledPromptBehavior=dismiss and notify, moz:headless=false, platform=ANY, moz:accessibilityChecks=false, moz:useNonSpecCompliantPointerOrigin=false, webdriver.remote.sessionid=49a6b87b-2f77-4741-8d88-dbbfbeb11039, acceptInsecureCerts=false, browserVersion=63.0, platformVersion=4.4.111+, moz:processID=1939.0, browserName=firefox, javascriptEnabled=true, platformName=linux, zal:name=SparkMercury, setWindowRect=true, moz:webdriverClick=true}]
Session ID: 49a6b87b-2f77-4741-8d88-dbbfbeb11039
*** Element info: {Using=name, value=passFirst0}" type="org.openqa.selenium.NoSuchElementException">org.openqa.selenium.NoSuchElementException: Unable to locate element: *[name=&apos;passFirst0&apos;]
For documentation on this error, please visit: http://seleniumhq.org/exceptions/no_such_element.html
Build info: version: &apos;3.4.0&apos;, revision: &apos;unknown&apos;, time: &apos;unknown&apos;
System info: host: &apos;phptravel-lk26p&apos;, ip: &apos;10.44.1.7&apos;, os.name: &apos;Linux&apos;, os.arch: &apos;amd64&apos;, os.version: &apos;4.4.111+&apos;, java.version: &apos;1.8.0_171&apos;
Driver info: org.openqa.selenium.remote.RemoteWebDriver
Capabilities [{moz:profile=/tmp/rust_mozprofile.kNQZc2PRssh0, rotatable=false, zal:idleTimeout=150.0, moz:geckodriverVersion=0.23.0, timeouts={implicit=0.0, pageLoad=300000.0, script=30000.0}, pageLoadStrategy=normal, unhandledPromptBehavior=dismiss and notify, moz:headless=false, platform=ANY, moz:accessibilityChecks=false, moz:useNonSpecCompliantPointerOrigin=false, webdriver.remote.sessionid=49a6b87b-2f77-4741-8d88-dbbfbeb11039, acceptInsecureCerts=false, browserVersion=63.0, platformVersion=4.4.111+, moz:processID=1939.0, browserName=firefox, javascriptEnabled=true, platformName=linux, zal:name=SparkMercury, setWindowRect=true, moz:webdriverClick=true}]
Session ID: 49a6b87b-2f77-4741-8d88-dbbfbeb11039
*** Element info: {Using=name, value=passFirst0}
	at sun.reflect.NativeConstructorAccessorImpl.newInstance0(Native Method)
	at sun.reflect.NativeConstructorAccessorImpl.newInstance(NativeConstructorAccessorImpl.java:62)
	at sun.reflect.DelegatingConstructorAccessorImpl.newInstance(DelegatingConstructorAccessorImpl.java:45)
	at java.lang.reflect.Constructor.newInstance(Constructor.java:423)
	at org.openqa.selenium.remote.http.W3CHttpResponseCodec.createException(W3CHttpResponseCodec.java:150)
	at org.openqa.selenium.remote.http.W3CHttpResponseCodec.decode(W3CHttpResponseCodec.java:115)
	at org.openqa.selenium.remote.http.W3CHttpResponseCodec.decode(W3CHttpResponseCodec.java:45)
	at org.openqa.selenium.remote.HttpCommandExecutor.execute(HttpCommandExecutor.java:164)
	at org.openqa.selenium.remote.RemoteWebDriver.execute(RemoteWebDriver.java:637)
	at org.openqa.selenium.remote.RemoteWebDriver.findElement(RemoteWebDriver.java:410)
	at org.openqa.selenium.remote.RemoteWebDriver.findElementByName(RemoteWebDriver.java:485)
	at org.openqa.selenium.By$ByName.findElement(By.java:303)
	at org.openqa.selenium.remote.RemoteWebDriver.findElement(RemoteWebDriver.java:402)
	at mytests.Test2.flight_bookingconfirm(Test2.java:92)
</failure>
  </testcase>
</testsuite>